<?xml version="1.0" encoding="UTF-8"?>
<!-- Generated by org.testng.reporters.JUnitXMLReporter -->
<testsuite hostname="Nolans-MBP.home.gateway" ignored="0" name="Test" tests="161" failures="89" timestamp="28 Apr 2017 13:52:39 GMT" time="19.533" errors="0">
  <testcase name="testGetAvailableCards" time="0.12" classname="test.ColumnTest"/>
  <testcase name="testIsValidMove" time="0.014" classname="test.ColumnTest"/>
  <testcase name="testPush" time="0.013" classname="test.ColumnTest"/>
  <testcase name="testStackIsValidMove" time="0.011" classname="test.ColumnTest"/>
  <testcase name="SolitairePanel on test.SolitairePanelTest[,0,0,0x0,invalid,layout=java.awt.FlowLayout,alignmentX=0.0,alignmentY=0.0,border=,flags=9,maximumSize=,minimumSize=,preferredSize=]" time="0.102" classname="test.SolitairePanelTest"/>
  <testcase name="Deck" time="0.002" classname="test.DeckTest">
    <failure type="java.lang.RuntimeException" message="Test not implemented">
      <![CDATA[java.lang.RuntimeException: Test not implemented
	at test.DeckTest.Deck(DeckTest.java:30)
... Removed 25 stack frames]]>
    </failure>
  </testcase> <!-- Deck -->
  <testcase name="createCard" time="0.002" classname="test.DeckTest">
    <failure type="java.lang.RuntimeException" message="Test not implemented">
      <![CDATA[java.lang.RuntimeException: Test not implemented
	at test.DeckTest.createCard(DeckTest.java:49)
... Removed 25 stack frames]]>
    </failure>
  </testcase> <!-- createCard -->
  <testcase name="getDeck" time="0.004" classname="test.DeckTest">
    <failure type="java.lang.Error" message="Unresolved compilation problems: 
	Type mismatch: cannot convert from LinkedList&amp;lt;Card&amp;gt; to LinkedList&amp;lt;Object&amp;gt;
	The method assertTrue(boolean) is undefined for the type DeckTest
	Syntax error on token &amp;quot;)&amp;quot;, delete this token
">
      <![CDATA[java.lang.Error: Unresolved compilation problems: 
	Type mismatch: cannot convert from LinkedList<Card> to LinkedList<Object>
	The method assertTrue(boolean) is undefined for the type DeckTest
	Syntax error on token ")", delete this token

	at test.DeckTest.getDeck(DeckTest.java:57)
... Removed 25 stack frames]]>
    </failure>
  </testcase> <!-- getDeck -->
  <testcase name="getDeckLinkedListInteger" time="0.002" classname="test.DeckTest">
    <failure type="java.lang.Error" message="Unresolved compilation problems: 
	Type mismatch: cannot convert from LinkedList&amp;lt;Card&amp;gt; to LinkedList&amp;lt;Object&amp;gt;
	The method is(boolean) is undefined for the type DeckTest
">
      <![CDATA[java.lang.Error: Unresolved compilation problems: 
	Type mismatch: cannot convert from LinkedList<Card> to LinkedList<Object>
	The method is(boolean) is undefined for the type DeckTest

	at test.DeckTest.getDeckLinkedListInteger(DeckTest.java:68)
... Removed 25 stack frames]]>
    </failure>
  </testcase> <!-- getDeckLinkedListInteger -->
  <testcase name="instantiation" time="0.003" classname="test.DeckTest">
    <failure type="java.lang.Error" message="Unresolved compilation problem: 
	The method notNullValue() is undefined for the type DeckTest
">
      <![CDATA[java.lang.Error: Unresolved compilation problem: 
	The method notNullValue() is undefined for the type DeckTest

	at test.DeckTest.instantiation(DeckTest.java:44)
... Removed 25 stack frames]]>
    </failure>
  </testcase> <!-- instantiation -->
  <testcase name="shuffle" time="0.233" classname="test.DeckTest"/>
  <testcase name="type" time="0.001" classname="test.DeckTest">
    <failure type="java.lang.Error" message="Unresolved compilation problem: 
	The method notNullValue() is undefined for the type DeckTest
">
      <![CDATA[java.lang.Error: Unresolved compilation problem: 
	The method notNullValue() is undefined for the type DeckTest

	at test.DeckTest.type(DeckTest.java:36)
... Removed 25 stack frames]]>
    </failure>
  </testcase> <!-- type -->
  <testcase name="testAddCard" time="0.005" classname="test.CardStackTest"/>
  <testcase name="testAddStack" time="0.001" classname="test.CardStackTest"/>
  <testcase name="testGetAvailableCards" time="0.008" classname="test.CardStackTest"/>
  <testcase name="testGetBottom" time="0.008" classname="test.CardStackTest"/>
  <testcase name="testGetCardAtLocationIntIndex" time="0.007" classname="test.CardStackTest"/>
  <testcase name="testGetCardAtLocationPoint" time="0.0" classname="test.CardStackTest"/>
  <testcase name="testGetStackCard" time="0.023" classname="test.CardStackTest"/>
  <testcase name="testGetStackInt" time="0.008" classname="test.CardStackTest">
    <failure type="java.lang.ArrayIndexOutOfBoundsException" message="-1">
      <![CDATA[java.lang.ArrayIndexOutOfBoundsException: -1
	at java.util.ArrayList.elementData(ArrayList.java:418)
	at java.util.ArrayList.get(ArrayList.java:431)
	at FourRowSolitaire.CardStack.getCardAtLocation(CardStack.java:137)
	at FourRowSolitaire.CardStack.getStack(CardStack.java:232)
	at test.CardStackTest.testGetStackInt(CardStackTest.java:241)
... Removed 25 stack frames]]>
    </failure>
  </testcase> <!-- testGetStackInt -->
  <testcase name="testIsEmpty" time="0.005" classname="test.CardStackTest"/>
  <testcase name="testIsValidMoveCard" time="0.002" classname="test.CardStackTest"/>
  <testcase name="testIsValidMoveCardStack" time="0.001" classname="test.CardStackTest"/>
  <testcase name="testLength" time="0.002" classname="test.CardStackTest"/>
  <testcase name="testPeek" time="0.003" classname="test.CardStackTest"/>
  <testcase name="testPop" time="0.002" classname="test.CardStackTest"/>
  <testcase name="testPopCardStack" time="0.001" classname="test.CardStackTest"/>
  <testcase name="testPushCard" time="0.002" classname="test.CardStackTest"/>
  <testcase name="testPushCardStack" time="0.002" classname="test.CardStackTest"/>
  <testcase name="testSearch" time="0.005" classname="test.CardStackTest"/>
  <testcase name="FourRowSolitaire" time="0.0" classname="test.FourRowSolitaireTest">
    <failure type="java.lang.RuntimeException" message="Test not implemented">
      <![CDATA[java.lang.RuntimeException: Test not implemented
	at test.FourRowSolitaireTest.FourRowSolitaire(FourRowSolitaireTest.java:25)
... Removed 25 stack frames]]>
    </failure>
  </testcase> <!-- FourRowSolitaire -->
  <testcase name="actionPerformed" time="0.001" classname="test.FourRowSolitaireTest">
    <failure type="java.lang.RuntimeException" message="Test not implemented">
      <![CDATA[java.lang.RuntimeException: Test not implemented
	at test.FourRowSolitaireTest.actionPerformed(FourRowSolitaireTest.java:30)
... Removed 25 stack frames]]>
    </failure>
  </testcase> <!-- actionPerformed -->
  <testcase name="checkForUpdate" time="0.001" classname="test.FourRowSolitaireTest">
    <failure type="java.lang.RuntimeException" message="Test not implemented">
      <![CDATA[java.lang.RuntimeException: Test not implemented
	at test.FourRowSolitaireTest.checkForUpdate(FourRowSolitaireTest.java:35)
... Removed 25 stack frames]]>
    </failure>
  </testcase> <!-- checkForUpdate -->
  <testcase name="loadData" time="0.001" classname="test.FourRowSolitaireTest">
    <failure type="java.lang.RuntimeException" message="Test not implemented">
      <![CDATA[java.lang.RuntimeException: Test not implemented
	at test.FourRowSolitaireTest.loadData(FourRowSolitaireTest.java:40)
... Removed 25 stack frames]]>
    </failure>
  </testcase> <!-- loadData -->
  <testcase name="main" time="0.001" classname="test.FourRowSolitaireTest">
    <failure type="java.lang.RuntimeException" message="Test not implemented">
      <![CDATA[java.lang.RuntimeException: Test not implemented
	at test.FourRowSolitaireTest.main(FourRowSolitaireTest.java:45)
... Removed 25 stack frames]]>
    </failure>
  </testcase> <!-- main -->
  <testcase name="test_actionPerformed_A$ActionEvent" time="1.972" classname="test.FourRowSolitaireTest">
    <failure type="java.lang.NullPointerException">
      <![CDATA[java.lang.NullPointerException
	at FourRowSolitaire.FourRowSolitaire.actionPerformed(FourRowSolitaire.java:277)
	at test.FourRowSolitaireTest.test_actionPerformed_A$ActionEvent(FourRowSolitaireTest.java:71)
... Removed 25 stack frames]]>
    </failure>
  </testcase> <!-- test_actionPerformed_A$ActionEvent -->
  <testcase name="test_instantiation" time="0.402" classname="test.FourRowSolitaireTest"/>
  <testcase name="test_main_A$StringArray" time="0.329" classname="test.FourRowSolitaireTest"/>
  <testcase name="test_type" time="0.001" classname="test.FourRowSolitaireTest"/>
  <testcase name="DiscardPile" time="0.001" classname="test.DiscardPileTest">
    <failure type="java.lang.RuntimeException" message="Test not implemented">
      <![CDATA[java.lang.RuntimeException: Test not implemented
	at test.DiscardPileTest.DiscardPile(DiscardPileTest.java:34)
... Removed 25 stack frames]]>
    </failure>
  </testcase> <!-- DiscardPile -->
  <testcase name="addCard" time="0.0" classname="test.DiscardPileTest">
    <failure type="java.lang.RuntimeException" message="Test not implemented">
      <![CDATA[java.lang.RuntimeException: Test not implemented
	at test.DiscardPileTest.addCard(DiscardPileTest.java:39)
... Removed 25 stack frames]]>
    </failure>
  </testcase> <!-- addCard -->
  <testcase name="addStack" time="0.001" classname="test.DiscardPileTest">
    <failure type="java.lang.RuntimeException" message="Test not implemented">
      <![CDATA[java.lang.RuntimeException: Test not implemented
	at test.DiscardPileTest.addStack(DiscardPileTest.java:44)
... Removed 25 stack frames]]>
    </failure>
  </testcase> <!-- addStack -->
  <testcase name="getCardAtLocation" time="0.001" classname="test.DiscardPileTest">
    <failure type="java.lang.RuntimeException" message="Test not implemented">
      <![CDATA[java.lang.RuntimeException: Test not implemented
	at test.DiscardPileTest.getCardAtLocation(DiscardPileTest.java:49)
... Removed 25 stack frames]]>
    </failure>
  </testcase> <!-- getCardAtLocation -->
  <testcase name="getNumViewableCards" time="0.0" classname="test.DiscardPileTest">
    <failure type="java.lang.RuntimeException" message="Test not implemented">
      <![CDATA[java.lang.RuntimeException: Test not implemented
	at test.DiscardPileTest.getNumViewableCards(DiscardPileTest.java:54)
... Removed 25 stack frames]]>
    </failure>
  </testcase> <!-- getNumViewableCards -->
  <testcase name="isValidMoveCard" time="0.002" classname="test.DiscardPileTest">
    <failure type="java.lang.RuntimeException" message="Test not implemented">
      <![CDATA[java.lang.RuntimeException: Test not implemented
	at test.DiscardPileTest.isValidMoveCard(DiscardPileTest.java:59)
... Removed 25 stack frames]]>
    </failure>
  </testcase> <!-- isValidMoveCard -->
  <testcase name="isValidMoveCardStack" time="0.002" classname="test.DiscardPileTest">
    <failure type="java.lang.RuntimeException" message="Test not implemented">
      <![CDATA[java.lang.RuntimeException: Test not implemented
	at test.DiscardPileTest.isValidMoveCardStack(DiscardPileTest.java:64)
... Removed 25 stack frames]]>
    </failure>
  </testcase> <!-- isValidMoveCardStack -->
  <testcase name="paint" time="0.001" classname="test.DiscardPileTest">
    <failure type="java.lang.RuntimeException" message="Test not implemented">
      <![CDATA[java.lang.RuntimeException: Test not implemented
	at test.DiscardPileTest.paint(DiscardPileTest.java:69)
... Removed 25 stack frames]]>
    </failure>
  </testcase> <!-- paint -->
  <testcase name="pop" time="0.0" classname="test.DiscardPileTest">
    <failure type="java.lang.RuntimeException" message="Test not implemented">
      <![CDATA[java.lang.RuntimeException: Test not implemented
	at test.DiscardPileTest.pop(DiscardPileTest.java:74)
... Removed 25 stack frames]]>
    </failure>
  </testcase> <!-- pop -->
  <testcase name="pushCard" time="0.001" classname="test.DiscardPileTest">
    <failure type="java.lang.RuntimeException" message="Test not implemented">
      <![CDATA[java.lang.RuntimeException: Test not implemented
	at test.DiscardPileTest.pushCard(DiscardPileTest.java:79)
... Removed 25 stack frames]]>
    </failure>
  </testcase> <!-- pushCard -->
  <testcase name="pushCardStack" time="0.001" classname="test.DiscardPileTest">
    <failure type="java.lang.RuntimeException" message="Test not implemented">
      <![CDATA[java.lang.RuntimeException: Test not implemented
	at test.DiscardPileTest.pushCardStack(DiscardPileTest.java:84)
... Removed 25 stack frames]]>
    </failure>
  </testcase> <!-- pushCardStack -->
  <testcase name="setDrawCount" time="0.001" classname="test.DiscardPileTest">
    <failure type="java.lang.RuntimeException" message="Test not implemented">
      <![CDATA[java.lang.RuntimeException: Test not implemented
	at test.DiscardPileTest.setDrawCount(DiscardPileTest.java:89)
... Removed 25 stack frames]]>
    </failure>
  </testcase> <!-- setDrawCount -->
  <testcase name="setView" time="0.001" classname="test.DiscardPileTest">
    <failure type="java.lang.RuntimeException" message="Test not implemented">
      <![CDATA[java.lang.RuntimeException: Test not implemented
	at test.DiscardPileTest.setView(DiscardPileTest.java:94)
... Removed 25 stack frames]]>
    </failure>
  </testcase> <!-- setView -->
  <testcase name="test_addCard_A$Object" time="0.001" classname="test.DiscardPileTest">
    <failure type="java.lang.Error" message="Unresolved compilation problem: 
	The method addCard(Card) in the type DiscardPile is not applicable for the arguments (Object)
">
      <![CDATA[java.lang.Error: Unresolved compilation problem: 
	The method addCard(Card) in the type DiscardPile is not applicable for the arguments (Object)

	at test.DiscardPileTest.test_addCard_A$Object(DiscardPileTest.java:137)
... Removed 25 stack frames]]>
    </failure>
  </testcase> <!-- test_addCard_A$Object -->
  <testcase name="test_addStack_A$Object" time="0.001" classname="test.DiscardPileTest">
    <failure type="java.lang.Error" message="Unresolved compilation problem: 
	The method addStack(CardStack) in the type DiscardPile is not applicable for the arguments (Object)
">
      <![CDATA[java.lang.Error: Unresolved compilation problem: 
	The method addStack(CardStack) in the type DiscardPile is not applicable for the arguments (Object)

	at test.DiscardPileTest.test_addStack_A$Object(DiscardPileTest.java:145)
... Removed 25 stack frames]]>
    </failure>
  </testcase> <!-- test_addStack_A$Object -->
  <testcase name="test_getCardAtLocation_A$Point" time="0.001" classname="test.DiscardPileTest"/>
  <testcase name="test_getNumViewableCards_A$" time="0.001" classname="test.DiscardPileTest"/>
  <testcase name="test_instantiation" time="0.001" classname="test.DiscardPileTest"/>
  <testcase name="test_isValidMove_A$Object" time="0.001" classname="test.DiscardPileTest">
    <failure type="java.lang.Error" message="Unresolved compilation problem: 
	The method isValidMove(Card) in the type DiscardPile is not applicable for the arguments (Object)
">
      <![CDATA[java.lang.Error: Unresolved compilation problem: 
	The method isValidMove(Card) in the type DiscardPile is not applicable for the arguments (Object)

	at test.DiscardPileTest.test_isValidMove_A$Object(DiscardPileTest.java:211)
... Removed 25 stack frames]]>
    </failure>
  </testcase> <!-- test_isValidMove_A$Object -->
  <testcase name="test_isValidMove_Object" time="0.001" classname="test.DiscardPileTest">
    <failure type="java.lang.Error" message="Unresolved compilation problem: 
	The method isValidMove(Card) in the type DiscardPile is not applicable for the arguments (Object)
">
      <![CDATA[java.lang.Error: Unresolved compilation problem: 
	The method isValidMove(Card) in the type DiscardPile is not applicable for the arguments (Object)

	at test.DiscardPileTest.test_isValidMove_Object(DiscardPileTest.java:201)
... Removed 25 stack frames]]>
    </failure>
  </testcase> <!-- test_isValidMove_Object -->
  <testcase name="test_paint_A$Graphics" time="0.075" classname="test.DiscardPileTest"/>
  <testcase name="test_pop_A$" time="0.005" classname="test.DiscardPileTest">
    <failure type="java.lang.NullPointerException">
      <![CDATA[java.lang.NullPointerException
	at java.awt.Container.remove(Container.java:1261)
	at FourRowSolitaire.CardStack.pop(CardStack.java:80)
	at FourRowSolitaire.DiscardPile.pop(DiscardPile.java:107)
	at test.DiscardPileTest.test_pop_A$(DiscardPileTest.java:172)
... Removed 25 stack frames]]>
    </failure>
  </testcase> <!-- test_pop_A$ -->
  <testcase name="test_push_A$Object" time="0.001" classname="test.DiscardPileTest">
    <failure type="java.lang.Error" message="Unresolved compilation problem: 
	The method push(Card) in the type DiscardPile is not applicable for the arguments (Object)
">
      <![CDATA[java.lang.Error: Unresolved compilation problem: 
	The method push(Card) in the type DiscardPile is not applicable for the arguments (Object)

	at test.DiscardPileTest.test_push_A$Object(DiscardPileTest.java:163)
... Removed 25 stack frames]]>
    </failure>
  </testcase> <!-- test_push_A$Object -->
  <testcase name="test_push_Object" time="0.003" classname="test.DiscardPileTest">
    <failure type="java.lang.Error" message="Unresolved compilation problem: 
	The method push(Card) in the type DiscardPile is not applicable for the arguments (Object)
">
      <![CDATA[java.lang.Error: Unresolved compilation problem: 
	The method push(Card) in the type DiscardPile is not applicable for the arguments (Object)

	at test.DiscardPileTest.test_push_Object(DiscardPileTest.java:153)
... Removed 25 stack frames]]>
    </failure>
  </testcase> <!-- test_push_Object -->
  <testcase name="test_setView_A$int" time="0.005" classname="test.DiscardPileTest"/>
  <testcase name="test_type" time="0.001" classname="test.DiscardPileTest"/>
  <testcase name="test_undoPop_A$" time="0.009" classname="test.DiscardPileTest">
    <failure type="java.lang.NullPointerException">
      <![CDATA[java.lang.NullPointerException
	at java.awt.Container.remove(Container.java:1261)
	at FourRowSolitaire.CardStack.pop(CardStack.java:80)
	at FourRowSolitaire.DiscardPile.undoPop(DiscardPile.java:125)
	at test.DiscardPileTest.test_undoPop_A$(DiscardPileTest.java:181)
... Removed 25 stack frames]]>
    </failure>
  </testcase> <!-- test_undoPop_A$ -->
  <testcase name="undoPop" time="0.004" classname="test.DiscardPileTest">
    <failure type="java.lang.RuntimeException" message="Test not implemented">
      <![CDATA[java.lang.RuntimeException: Test not implemented
	at test.DiscardPileTest.undoPop(DiscardPileTest.java:99)
... Removed 25 stack frames]]>
    </failure>
  </testcase> <!-- undoPop -->
  <testcase name="FireworksDisplay" time="0.001" classname="test.FireworksDisplayTest"/>
  <testcase name="randomColor" time="0.001" classname="test.FireworksDisplayTest"/>
  <testcase name="restartDisplay" time="0.003" classname="test.FireworksDisplayTest">
    <failure type="java.lang.RuntimeException" message="Test not implemented">
      <![CDATA[java.lang.RuntimeException: Test not implemented
	at test.FireworksDisplayTest.restartDisplay(FireworksDisplayTest.java:44)
... Removed 25 stack frames]]>
    </failure>
  </testcase> <!-- restartDisplay -->
  <testcase name="testGetCardAtLocationPoint" time="0.001" classname="test.SingleCellTest"/>
  <testcase name="testIsValidMoveCard" time="0.0" classname="test.SingleCellTest">
    <failure type="java.lang.AssertionError">
      <![CDATA[java.lang.AssertionError: 
	at test.SingleCellTest.testIsValidMoveCard(SingleCellTest.java:62)
... Removed 28 stack frames]]>
    </failure>
  </testcase> <!-- testIsValidMoveCard -->
  <testcase name="testIsValidMoveCardStack" time="0.001" classname="test.SingleCellTest"/>
  <testcase name="testPushCard" time="0.001" classname="test.SingleCellTest"/>
  <testcase name="cardImageTest" time="0.001" classname="test.CardTest"/>
  <testcase name="cloneTest" time="0.002" classname="test.CardTest"/>
  <testcase name="faceUpTest" time="0.004" classname="test.CardTest"/>
  <testcase name="gettersTest" time="0.001" classname="test.CardTest"/>
  <testcase name="highlightTest" time="0.005" classname="test.CardTest"/>
  <testcase name="test" time="0.044" classname="test.CardTest"/>
  <testcase name="validSuitTest" time="0.001" classname="test.CardTest"/>
  <testcase name="ChangeOptions" time="0.001" classname="test.ChangeOptionsTest">
    <failure type="java.lang.RuntimeException" message="Test not implemented">
      <![CDATA[java.lang.RuntimeException: Test not implemented
	at test.ChangeOptionsTest.ChangeOptions(ChangeOptionsTest.java:27)
... Removed 25 stack frames]]>
    </failure>
  </testcase> <!-- ChangeOptions -->
  <testcase name="actionPerformed" time="0.001" classname="test.ChangeOptionsTest">
    <failure type="java.lang.RuntimeException" message="Test not implemented">
      <![CDATA[java.lang.RuntimeException: Test not implemented
	at test.ChangeOptionsTest.actionPerformed(ChangeOptionsTest.java:32)
... Removed 25 stack frames]]>
    </failure>
  </testcase> <!-- actionPerformed -->
  <testcase name="getAnimation" time="0.001" classname="test.ChangeOptionsTest">
    <failure type="java.lang.RuntimeException" message="Test not implemented">
      <![CDATA[java.lang.RuntimeException: Test not implemented
	at test.ChangeOptionsTest.getAnimation(ChangeOptionsTest.java:37)
... Removed 25 stack frames]]>
    </failure>
  </testcase> <!-- getAnimation -->
  <testcase name="getDifficulty" time="0.0" classname="test.ChangeOptionsTest">
    <failure type="java.lang.RuntimeException" message="Test not implemented">
      <![CDATA[java.lang.RuntimeException: Test not implemented
	at test.ChangeOptionsTest.getDifficulty(ChangeOptionsTest.java:42)
... Removed 25 stack frames]]>
    </failure>
  </testcase> <!-- getDifficulty -->
  <testcase name="getDrawCount" time="0.001" classname="test.ChangeOptionsTest">
    <failure type="java.lang.RuntimeException" message="Test not implemented">
      <![CDATA[java.lang.RuntimeException: Test not implemented
	at test.ChangeOptionsTest.getDrawCount(ChangeOptionsTest.java:47)
... Removed 25 stack frames]]>
    </failure>
  </testcase> <!-- getDrawCount -->
  <testcase name="getSounds" time="0.001" classname="test.ChangeOptionsTest">
    <failure type="java.lang.RuntimeException" message="Test not implemented">
      <![CDATA[java.lang.RuntimeException: Test not implemented
	at test.ChangeOptionsTest.getSounds(ChangeOptionsTest.java:52)
... Removed 25 stack frames]]>
    </failure>
  </testcase> <!-- getSounds -->
  <testcase name="getTimer" time="0.0" classname="test.ChangeOptionsTest">
    <failure type="java.lang.RuntimeException" message="Test not implemented">
      <![CDATA[java.lang.RuntimeException: Test not implemented
	at test.ChangeOptionsTest.getTimer(ChangeOptionsTest.java:57)
... Removed 25 stack frames]]>
    </failure>
  </testcase> <!-- getTimer -->
  <testcase name="setup" time="0.001" classname="test.ChangeOptionsTest">
    <failure type="java.lang.RuntimeException" message="Test not implemented">
      <![CDATA[java.lang.RuntimeException: Test not implemented
	at test.ChangeOptionsTest.setup(ChangeOptionsTest.java:62)
... Removed 25 stack frames]]>
    </failure>
  </testcase> <!-- setup -->
  <testcase name="test_actionPerformed_A$ActionEvent" time="8.602" classname="test.ChangeOptionsTest">
    <failure type="java.lang.NullPointerException">
      <![CDATA[java.lang.NullPointerException
	at FourRowSolitaire.ChangeOptions.actionPerformed(ChangeOptions.java:236)
	at test.ChangeOptionsTest.test_actionPerformed_A$ActionEvent(ChangeOptionsTest.java:93)
... Removed 25 stack frames]]>
    </failure>
  </testcase> <!-- test_actionPerformed_A$ActionEvent -->
  <testcase name="test_instantiation" time="2.357" classname="test.ChangeOptionsTest"/>
  <testcase name="test_type" time="0.001" classname="test.ChangeOptionsTest"/>
  <testcase name="DealDeck" time="0.001" classname="test.DealDeckTest">
    <failure type="java.lang.RuntimeException" message="Test not implemented">
      <![CDATA[java.lang.RuntimeException: Test not implemented
	at test.DealDeckTest.DealDeck(DealDeckTest.java:35)
... Removed 25 stack frames]]>
    </failure>
  </testcase> <!-- DealDeck -->
  <testcase name="getCardAtLocation" time="0.001" classname="test.DealDeckTest">
    <failure type="java.lang.Error" message="Unresolved compilation problem: 
	The constructor DealDeck(Object, int) is undefined
">
      <![CDATA[java.lang.Error: Unresolved compilation problem: 
	The constructor DealDeck(Object, int) is undefined

	at test.DealDeckTest.getCardAtLocation(DealDeckTest.java:43)
... Removed 25 stack frames]]>
    </failure>
  </testcase> <!-- getCardAtLocation -->
  <testcase name="getDeckThroughs" time="0.001" classname="test.DealDeckTest">
    <failure type="java.lang.RuntimeException" message="Test not implemented">
      <![CDATA[java.lang.RuntimeException: Test not implemented
	at test.DealDeckTest.getDeckThroughs(DealDeckTest.java:52)
... Removed 25 stack frames]]>
    </failure>
  </testcase> <!-- getDeckThroughs -->
  <testcase name="hasDealsLeft" time="0.001" classname="test.DealDeckTest">
    <failure type="java.lang.Error" message="Unresolved compilation problem: 
	The constructor DealDeck(Object, int) is undefined
">
      <![CDATA[java.lang.Error: Unresolved compilation problem: 
	The constructor DealDeck(Object, int) is undefined

	at test.DealDeckTest.hasDealsLeft(DealDeckTest.java:60)
... Removed 25 stack frames]]>
    </failure>
  </testcase> <!-- hasDealsLeft -->
  <testcase name="isValidMoveCard" time="0.001" classname="test.DealDeckTest">
    <failure type="java.lang.Error" message="Unresolved compilation problems: 
	The constructor DealDeck(Object, int) is undefined
	The method isValidMove(Card) in the type DealDeck is not applicable for the arguments (Object)
">
      <![CDATA[java.lang.Error: Unresolved compilation problems: 
	The constructor DealDeck(Object, int) is undefined
	The method isValidMove(Card) in the type DealDeck is not applicable for the arguments (Object)

	at test.DealDeckTest.isValidMoveCard(DealDeckTest.java:71)
... Removed 25 stack frames]]>
    </failure>
  </testcase> <!-- isValidMoveCard -->
  <testcase name="isValidMoveCardStack" time="0.001" classname="test.DealDeckTest">
    <failure type="java.lang.Error" message="Unresolved compilation problems: 
	The constructor DealDeck(Object, int) is undefined
	The method isValidMove(Card) in the type DealDeck is not applicable for the arguments (Object)
">
      <![CDATA[java.lang.Error: Unresolved compilation problems: 
	The constructor DealDeck(Object, int) is undefined
	The method isValidMove(Card) in the type DealDeck is not applicable for the arguments (Object)

	at test.DealDeckTest.isValidMoveCardStack(DealDeckTest.java:83)
... Removed 25 stack frames]]>
    </failure>
  </testcase> <!-- isValidMoveCardStack -->
  <testcase name="pop" time="0.001" classname="test.DealDeckTest">
    <failure type="java.lang.Error" message="Unresolved compilation problem: 
	The constructor DealDeck(Object, int) is undefined
">
      <![CDATA[java.lang.Error: Unresolved compilation problem: 
	The constructor DealDeck(Object, int) is undefined

	at test.DealDeckTest.pop(DealDeckTest.java:95)
... Removed 25 stack frames]]>
    </failure>
  </testcase> <!-- pop -->
  <testcase name="reset" time="0.001" classname="test.DealDeckTest">
    <failure type="java.lang.Error" message="Unresolved compilation problem: 
	The constructor DealDeck(Object, int) is undefined
">
      <![CDATA[java.lang.Error: Unresolved compilation problem: 
	The constructor DealDeck(Object, int) is undefined

	at test.DealDeckTest.reset(DealDeckTest.java:106)
... Removed 25 stack frames]]>
    </failure>
  </testcase> <!-- reset -->
  <testcase name="setDeck" time="0.0" classname="test.DealDeckTest">
    <failure type="java.lang.Error" message="Unresolved compilation problems: 
	The constructor DealDeck(Object, int) is undefined
	The method setDeck(LinkedList&amp;lt;Card&amp;gt;) in the type DealDeck is not applicable for the arguments (LinkedList&amp;lt;Object&amp;gt;)
">
      <![CDATA[java.lang.Error: Unresolved compilation problems: 
	The constructor DealDeck(Object, int) is undefined
	The method setDeck(LinkedList<Card>) in the type DealDeck is not applicable for the arguments (LinkedList<Object>)

	at test.DealDeckTest.setDeck(DealDeckTest.java:116)
... Removed 25 stack frames]]>
    </failure>
  </testcase> <!-- setDeck -->
  <testcase name="setDeckThroughs" time="0.001" classname="test.DealDeckTest">
    <failure type="java.lang.Error" message="Unresolved compilation problem: 
	The constructor DealDeck(Object, int) is undefined
">
      <![CDATA[java.lang.Error: Unresolved compilation problem: 
	The constructor DealDeck(Object, int) is undefined

	at test.DealDeckTest.setDeckThroughs(DealDeckTest.java:126)
... Removed 25 stack frames]]>
    </failure>
  </testcase> <!-- setDeckThroughs -->
  <testcase name="setDifficulty" time="0.001" classname="test.DealDeckTest">
    <failure type="java.lang.RuntimeException" message="Test not implemented">
      <![CDATA[java.lang.RuntimeException: Test not implemented
	at test.DealDeckTest.setDifficulty(DealDeckTest.java:135)
... Removed 25 stack frames]]>
    </failure>
  </testcase> <!-- setDifficulty -->
  <testcase name="setDrawCount" time="0.001" classname="test.DealDeckTest">
    <failure type="java.lang.RuntimeException" message="Test not implemented">
      <![CDATA[java.lang.RuntimeException: Test not implemented
	at test.DealDeckTest.setDrawCount(DealDeckTest.java:140)
... Removed 25 stack frames]]>
    </failure>
  </testcase> <!-- setDrawCount -->
  <testcase name="undoPop" time="0.001" classname="test.DealDeckTest">
    <failure type="java.lang.Error" message="Unresolved compilation problem: 
	The constructor DealDeck(Object, int) is undefined
">
      <![CDATA[java.lang.Error: Unresolved compilation problem: 
	The constructor DealDeck(Object, int) is undefined

	at test.DealDeckTest.undoPop(DealDeckTest.java:148)
... Removed 25 stack frames]]>
    </failure>
  </testcase> <!-- undoPop -->
  <testcase name="undone" time="0.0" classname="test.DealDeckTest">
    <failure type="java.lang.RuntimeException" message="Test not implemented">
      <![CDATA[java.lang.RuntimeException: Test not implemented
	at test.DealDeckTest.undone(DealDeckTest.java:154)
... Removed 25 stack frames]]>
    </failure>
  </testcase> <!-- undone -->
  <testcase name="ChangeAppearance" time="0.0" classname="test.ChangeAppearanceTest">
    <failure type="java.lang.RuntimeException" message="Test not implemented">
      <![CDATA[java.lang.RuntimeException: Test not implemented
	at test.ChangeAppearanceTest.ChangeAppearance(ChangeAppearanceTest.java:32)
... Removed 25 stack frames]]>
    </failure>
  </testcase> <!-- ChangeAppearance -->
  <testcase name="actionPerformed" time="0.011" classname="test.ChangeAppearanceTest">
    <failure type="java.lang.ArrayIndexOutOfBoundsException" message="-1">
      <![CDATA[java.lang.ArrayIndexOutOfBoundsException: -1
	at FourRowSolitaire.ChangeAppearance.setup(ChangeAppearance.java:89)
	at FourRowSolitaire.ChangeAppearance.<init>(ChangeAppearance.java:66)
	at test.ChangeAppearanceTest.actionPerformed(ChangeAppearanceTest.java:57)
... Removed 25 stack frames]]>
    </failure>
  </testcase> <!-- actionPerformed -->
  <testcase name="beforeClass" time="0.0" classname="test.ChangeAppearanceTest">
    <failure type="org.testng.TestNGException" message="
Method public void test.ChangeAppearanceTest.beforeClass() requires a @DataProvider named : dp">
      <![CDATA[org.testng.TestNGException: 
Method public void test.ChangeAppearanceTest.beforeClass() requires a @DataProvider named : dp
... Removed 22 stack frames]]>
    </failure>
  </testcase> <!-- beforeClass -->
  <testcase name="getBackgroundNumber" time="1.536" classname="test.ChangeAppearanceTest"/>
  <testcase name="getDeckNumber" time="0.887" classname="test.ChangeAppearanceTest"/>
  <testcase name="setup" time="0.001" classname="test.ChangeAppearanceTest">
    <failure type="java.lang.RuntimeException" message="Test not implemented">
      <![CDATA[java.lang.RuntimeException: Test not implemented
	at test.ChangeAppearanceTest.setup(ChangeAppearanceTest.java:107)
... Removed 25 stack frames]]>
    </failure>
  </testcase> <!-- setup -->
  <testcase name="test_instantiation" time="0.006" classname="test.ChangeAppearanceTest">
    <failure type="java.lang.ArrayIndexOutOfBoundsException" message="-1">
      <![CDATA[java.lang.ArrayIndexOutOfBoundsException: -1
	at FourRowSolitaire.ChangeAppearance.setup(ChangeAppearance.java:89)
	at FourRowSolitaire.ChangeAppearance.<init>(ChangeAppearance.java:66)
	at test.ChangeAppearanceTest.test_instantiation(ChangeAppearanceTest.java:47)
... Removed 25 stack frames]]>
    </failure>
  </testcase> <!-- test_instantiation -->
  <testcase name="test_type" time="0.002" classname="test.ChangeAppearanceTest"/>
  <testcase name="test_instantiation" time="0.037" classname="test.WinScreenTest"/>
  <testcase name="test_type" time="0.0" classname="test.WinScreenTest"/>
  <testcase name="AcePile" time="0.002" classname="test.AcePileTest"/>
  <testcase name="testGetCardAtLocationPoint" time="0.003" classname="test.AcePileTest"/>
  <testcase name="testIsValidMoveCard" time="0.011" classname="test.AcePileTest"/>
  <testcase name="testIsValidMoveCardStack" time="0.003" classname="test.AcePileTest"/>
  <testcase name="testPushCard" time="0.004" classname="test.AcePileTest"/>
  <testcase name="SolitaireBoard" time="0.001" classname="test.SolitaireBoardTest">
    <failure type="java.lang.RuntimeException" message="Test not implemented">
      <![CDATA[java.lang.RuntimeException: Test not implemented
	at test.SolitaireBoardTest.SolitaireBoard(SolitaireBoardTest.java:27)
... Removed 25 stack frames]]>
    </failure>
  </testcase> <!-- SolitaireBoard -->
  <testcase name="clearBoard" time="0.0" classname="test.SolitaireBoardTest">
    <failure type="java.lang.RuntimeException" message="Test not implemented">
      <![CDATA[java.lang.RuntimeException: Test not implemented
	at test.SolitaireBoardTest.clearBoard(SolitaireBoardTest.java:41)
... Removed 25 stack frames]]>
    </failure>
  </testcase> <!-- clearBoard -->
  <testcase name="createBoard" time="0.248" classname="test.SolitaireBoardTest"/>
  <testcase name="dealOutBoard" time="0.001" classname="test.SolitaireBoardTest">
    <failure type="java.lang.RuntimeException" message="Test not implemented">
      <![CDATA[java.lang.RuntimeException: Test not implemented
	at test.SolitaireBoardTest.dealOutBoard(SolitaireBoardTest.java:53)
... Removed 25 stack frames]]>
    </failure>
  </testcase> <!-- dealOutBoard -->
  <testcase name="dealOutCustomBoard" time="0.0" classname="test.SolitaireBoardTest">
    <failure type="java.lang.RuntimeException" message="Test not implemented">
      <![CDATA[java.lang.RuntimeException: Test not implemented
	at test.SolitaireBoardTest.dealOutCustomBoard(SolitaireBoardTest.java:58)
... Removed 25 stack frames]]>
    </failure>
  </testcase> <!-- dealOutCustomBoard -->
  <testcase name="getBackgroundNumber" time="0.001" classname="test.SolitaireBoardTest">
    <failure type="java.lang.RuntimeException" message="Test not implemented">
      <![CDATA[java.lang.RuntimeException: Test not implemented
	at test.SolitaireBoardTest.getBackgroundNumber(SolitaireBoardTest.java:63)
... Removed 25 stack frames]]>
    </failure>
  </testcase> <!-- getBackgroundNumber -->
  <testcase name="getDeckNumber" time="0.001" classname="test.SolitaireBoardTest">
    <failure type="java.lang.RuntimeException" message="Test not implemented">
      <![CDATA[java.lang.RuntimeException: Test not implemented
	at test.SolitaireBoardTest.getDeckNumber(SolitaireBoardTest.java:68)
... Removed 25 stack frames]]>
    </failure>
  </testcase> <!-- getDeckNumber -->
  <testcase name="getDifficulty" time="0.001" classname="test.SolitaireBoardTest">
    <failure type="java.lang.RuntimeException" message="Test not implemented">
      <![CDATA[java.lang.RuntimeException: Test not implemented
	at test.SolitaireBoardTest.getDifficulty(SolitaireBoardTest.java:73)
... Removed 25 stack frames]]>
    </failure>
  </testcase> <!-- getDifficulty -->
  <testcase name="getDrawCount" time="0.0" classname="test.SolitaireBoardTest">
    <failure type="java.lang.RuntimeException" message="Test not implemented">
      <![CDATA[java.lang.RuntimeException: Test not implemented
	at test.SolitaireBoardTest.getDrawCount(SolitaireBoardTest.java:78)
... Removed 25 stack frames]]>
    </failure>
  </testcase> <!-- getDrawCount -->
  <testcase name="getHint" time="0.158" classname="test.SolitaireBoardTest">
    <failure type="java.lang.NullPointerException">
      <![CDATA[java.lang.NullPointerException
	at FourRowSolitaire.SolitaireBoard.getHint(SolitaireBoard.java:1434)
	at test.SolitaireBoardTest.getHint(SolitaireBoardTest.java:84)
... Removed 25 stack frames]]>
    </failure>
  </testcase> <!-- getHint -->
  <testcase name="getNewDifficulty" time="0.001" classname="test.SolitaireBoardTest">
    <failure type="java.lang.RuntimeException" message="Test not implemented">
      <![CDATA[java.lang.RuntimeException: Test not implemented
	at test.SolitaireBoardTest.getNewDifficulty(SolitaireBoardTest.java:89)
... Removed 25 stack frames]]>
    </failure>
  </testcase> <!-- getNewDifficulty -->
  <testcase name="getNewDrawCount" time="0.001" classname="test.SolitaireBoardTest">
    <failure type="java.lang.RuntimeException" message="Test not implemented">
      <![CDATA[java.lang.RuntimeException: Test not implemented
	at test.SolitaireBoardTest.getNewDrawCount(SolitaireBoardTest.java:94)
... Removed 25 stack frames]]>
    </failure>
  </testcase> <!-- getNewDrawCount -->
  <testcase name="getTimerNextGameStatus" time="0.152" classname="test.SolitaireBoardTest"/>
  <testcase name="getTimerStatus" time="0.157" classname="test.SolitaireBoardTest"/>
  <testcase name="getWinAnimationStatus" time="0.0" classname="test.SolitaireBoardTest">
    <failure type="java.lang.RuntimeException" message="Test not implemented">
      <![CDATA[java.lang.RuntimeException: Test not implemented
	at test.SolitaireBoardTest.getWinAnimationStatus(SolitaireBoardTest.java:117)
... Removed 25 stack frames]]>
    </failure>
  </testcase> <!-- getWinAnimationStatus -->
  <testcase name="getWinSoundsStatus" time="0.001" classname="test.SolitaireBoardTest">
    <failure type="java.lang.RuntimeException" message="Test not implemented">
      <![CDATA[java.lang.RuntimeException: Test not implemented
	at test.SolitaireBoardTest.getWinSoundsStatus(SolitaireBoardTest.java:122)
... Removed 25 stack frames]]>
    </failure>
  </testcase> <!-- getWinSoundsStatus -->
  <testcase name="newGame" time="0.202" classname="test.SolitaireBoardTest">
    <failure type="java.lang.NullPointerException">
      <![CDATA[java.lang.NullPointerException
	at FourRowSolitaire.SolitaireBoard.clearBoard(SolitaireBoard.java:350)
	at FourRowSolitaire.SolitaireBoard.newGame(SolitaireBoard.java:414)
	at test.SolitaireBoardTest.newGame(SolitaireBoardTest.java:130)
... Removed 25 stack frames]]>
    </failure>
  </testcase> <!-- newGame -->
  <testcase name="recordGame" time="0.0" classname="test.SolitaireBoardTest">
    <failure type="java.lang.RuntimeException" message="Test not implemented">
      <![CDATA[java.lang.RuntimeException: Test not implemented
	at test.SolitaireBoardTest.recordGame(SolitaireBoardTest.java:135)
... Removed 25 stack frames]]>
    </failure>
  </testcase> <!-- recordGame -->
  <testcase name="resetStats" time="0.129" classname="test.SolitaireBoardTest"/>
  <testcase name="saveOptions" time="0.112" classname="test.SolitaireBoardTest"/>
  <testcase name="setAppearance" time="0.128" classname="test.SolitaireBoardTest">
    <failure type="java.lang.NullPointerException">
      <![CDATA[java.lang.NullPointerException
	at FourRowSolitaire.SolitaireBoard.setAppearance(SolitaireBoard.java:990)
	at test.SolitaireBoardTest.setAppearance(SolitaireBoardTest.java:158)
... Removed 25 stack frames]]>
    </failure>
  </testcase> <!-- setAppearance -->
  <testcase name="setBackgroundNumber" time="0.001" classname="test.SolitaireBoardTest">
    <failure type="java.lang.RuntimeException" message="Test not implemented">
      <![CDATA[java.lang.RuntimeException: Test not implemented
	at test.SolitaireBoardTest.setBackgroundNumber(SolitaireBoardTest.java:163)
... Removed 25 stack frames]]>
    </failure>
  </testcase> <!-- setBackgroundNumber -->
  <testcase name="setDeckNumber" time="0.001" classname="test.SolitaireBoardTest">
    <failure type="java.lang.RuntimeException" message="Test not implemented">
      <![CDATA[java.lang.RuntimeException: Test not implemented
	at test.SolitaireBoardTest.setDeckNumber(SolitaireBoardTest.java:168)
... Removed 25 stack frames]]>
    </failure>
  </testcase> <!-- setDeckNumber -->
  <testcase name="setDeckThroughs" time="0.132" classname="test.SolitaireBoardTest"/>
  <testcase name="setDifficulty" time="0.001" classname="test.SolitaireBoardTest">
    <failure type="java.lang.RuntimeException" message="Test not implemented">
      <![CDATA[java.lang.RuntimeException: Test not implemented
	at test.SolitaireBoardTest.setDifficulty(SolitaireBoardTest.java:180)
... Removed 25 stack frames]]>
    </failure>
  </testcase> <!-- setDifficulty -->
  <testcase name="setDrawCount" time="0.002" classname="test.SolitaireBoardTest">
    <failure type="java.lang.RuntimeException" message="Test not implemented">
      <![CDATA[java.lang.RuntimeException: Test not implemented
	at test.SolitaireBoardTest.setDrawCount(SolitaireBoardTest.java:185)
... Removed 25 stack frames]]>
    </failure>
  </testcase> <!-- setDrawCount -->
  <testcase name="setNewDifficulty" time="0.001" classname="test.SolitaireBoardTest">
    <failure type="java.lang.RuntimeException" message="Test not implemented">
      <![CDATA[java.lang.RuntimeException: Test not implemented
	at test.SolitaireBoardTest.setNewDifficulty(SolitaireBoardTest.java:190)
... Removed 25 stack frames]]>
    </failure>
  </testcase> <!-- setNewDifficulty -->
  <testcase name="setNewDrawCount" time="0.001" classname="test.SolitaireBoardTest">
    <failure type="java.lang.RuntimeException" message="Test not implemented">
      <![CDATA[java.lang.RuntimeException: Test not implemented
	at test.SolitaireBoardTest.setNewDrawCount(SolitaireBoardTest.java:195)
... Removed 25 stack frames]]>
    </failure>
  </testcase> <!-- setNewDrawCount -->
  <testcase name="setTimerStatus" time="0.217" classname="test.SolitaireBoardTest"/>
  <testcase name="setWinAnimationStatus" time="0.001" classname="test.SolitaireBoardTest">
    <failure type="java.lang.RuntimeException" message="Test not implemented">
      <![CDATA[java.lang.RuntimeException: Test not implemented
	at test.SolitaireBoardTest.setWinAnimationStatus(SolitaireBoardTest.java:208)
... Removed 25 stack frames]]>
    </failure>
  </testcase> <!-- setWinAnimationStatus -->
  <testcase name="setWinSoundsStatus" time="0.0" classname="test.SolitaireBoardTest">
    <failure type="java.lang.RuntimeException" message="Test not implemented">
      <![CDATA[java.lang.RuntimeException: Test not implemented
	at test.SolitaireBoardTest.setWinSoundsStatus(SolitaireBoardTest.java:213)
... Removed 25 stack frames]]>
    </failure>
  </testcase> <!-- setWinSoundsStatus -->
  <testcase name="test_instantiation" time="0.127" classname="test.SolitaireBoardTest"/>
  <testcase name="test_type" time="0.0" classname="test.SolitaireBoardTest"/>
  <testcase name="undoMove" time="0.141" classname="test.SolitaireBoardTest"/>
  <testcase name="SolitaireLayout" time="0.0" classname="test.SolitaireLayoutTest"/>
  <testcase name="addLayoutComponent" time="0.001" classname="test.SolitaireLayoutTest"/>
  <testcase name="layoutContainer" time="0.001" classname="test.SolitaireLayoutTest"/>
  <testcase name="minimumLayoutSize" time="0.001" classname="test.SolitaireLayoutTest"/>
  <testcase name="preferredLayoutSize" time="0.0" classname="test.SolitaireLayoutTest"/>
  <testcase name="removeLayoutComponent" time="0.004" classname="test.SolitaireLayoutTest"/>
</testsuite> <!-- Test -->
